<?xml version="1.0" encoding="UTF-8"?>
<!-- Generated by org.testng.reporters.JUnitReportReporter -->
<testsuite hostname="DESKTOP-DC3TDDU" failures="0" tests="1" name="A1_Day01.TC01_Add_jobs" time="16.804" errors="0" timestamp="09 Aug 2021 04:47:33 GMT" skipped="0">
  <testcase classname="A1_Day01.TC01_Add_jobs" name="Add_jobs_Test" time="16.804"/>
</testsuite> <!-- A1_Day01.TC01_Add_jobs -->
