<?xml version="1.0" encoding="UTF-8"?>
<!-- Generated by org.testng.reporters.JUnitReportReporter -->
<testsuite hostname="DESKTOP-DC3TDDU" failures="0" tests="1" name="A1_Day01.TC01_Add_jobs" time="13.892" errors="0" timestamp="23 Aug 2021 08:37:27 GMT" skipped="0">
  <testcase classname="A1_Day01.TC01_Add_jobs" name="Add_jobs_Test" time="13.892"/>
</testsuite> <!-- A1_Day01.TC01_Add_jobs -->
